[0m22:26:24.675805 [debug] [MainThread]: Sending event: {'category': 'dbt', 'action': 'invocation', 'label': 'start', 'context': [<snowplow_tracker.self_describing_json.SelfDescribingJson object at 0x000001FE29726140>, <snowplow_tracker.self_describing_json.SelfDescribingJson object at 0x000001FE2B907D00>, <snowplow_tracker.self_describing_json.SelfDescribingJson object at 0x000001FE2B980F70>]}


============================== 22:26:24.681486 | 2d27fbed-a8bb-4edb-8b8b-58aff092e63e ==============================
[0m22:26:24.681486 [info ] [MainThread]: Running with dbt=1.11.2
[0m22:26:24.683494 [debug] [MainThread]: running dbt with arguments {'version_check': 'True', 'no_print': 'None', 'static_parser': 'True', 'target_path': 'None', 'warn_error_options': 'WarnErrorOptionsV2(error=[], warn=[], silence=[])', 'printer_width': '80', 'write_json': 'True', 'introspect': 'True', 'log_cache_events': 'False', 'empty': 'None', 'cache_selected_only': 'False', 'fail_fast': 'False', 'debug': 'False', 'log_format': 'default', 'profiles_dir': 'C:\\Users\\ASUS\\.dbt', 'send_anonymous_usage_stats': 'True', 'quiet': 'False', 'warn_error': 'None', 'partial_parse': 'True', 'invocation_command': 'dbt debug', 'indirect_selection': 'eager', 'use_colors': 'True', 'use_experimental_parser': 'False', 'log_path': 'logs'}
[0m22:26:24.700911 [info ] [MainThread]: dbt version: 1.11.2
[0m22:26:24.700911 [info ] [MainThread]: python version: 3.10.11
[0m22:26:24.701908 [info ] [MainThread]: python path: E:\Databricks_Project\Employee-Attrition-Intelligence-System\dbt_env\Scripts\python.exe
[0m22:26:24.701908 [info ] [MainThread]: os info: Windows-10-10.0.26100-SP0
[0m22:26:25.555835 [debug] [MainThread]: Spark adapter: Setting pyhive.hive logging to ERROR
[0m22:26:25.557334 [debug] [MainThread]: Spark adapter: Setting thrift.transport logging to ERROR
[0m22:26:25.557334 [debug] [MainThread]: Spark adapter: Setting thrift.protocol logging to ERROR
[0m22:26:26.412923 [info ] [MainThread]: Using profiles dir at C:\Users\ASUS\.dbt
[0m22:26:26.414919 [info ] [MainThread]: Using profiles.yml file at C:\Users\ASUS\.dbt\profiles.yml
[0m22:26:26.415424 [info ] [MainThread]: Using dbt_project.yml file at E:\Databricks_Project\Employee-Attrition-Intelligence-System\dbt_project.yml
[0m22:26:26.416437 [info ] [MainThread]: adapter type: databricks
[0m22:26:26.418438 [info ] [MainThread]: adapter version: 1.11.4
[0m22:26:26.419432 [info ] [MainThread]: Configuration:
[0m22:26:26.419432 [info ] [MainThread]:   profiles.yml file [[32mOK found and valid[0m]
[0m22:26:26.420731 [info ] [MainThread]:   dbt_project.yml file [[31mERROR not found[0m]
[0m22:26:26.420731 [info ] [MainThread]: Required dependencies:
[0m22:26:26.421739 [debug] [MainThread]: Executing "git --help"
[0m22:26:26.468095 [debug] [MainThread]: STDOUT: "b"usage: git [-v | --version] [-h | --help] [-C <path>] [-c <name>=<value>]\n           [--exec-path[=<path>]] [--html-path] [--man-path] [--info-path]\n           [-p | --paginate | -P | --no-pager] [--no-replace-objects] [--no-lazy-fetch]\n           [--no-optional-locks] [--no-advice] [--bare] [--git-dir=<path>]\n           [--work-tree=<path>] [--namespace=<name>] [--config-env=<name>=<envvar>]\n           <command> [<args>]\n\nThese are common Git commands used in various situations:\n\nstart a working area (see also: git help tutorial)\n   clone      Clone a repository into a new directory\n   init       Create an empty Git repository or reinitialize an existing one\n\nwork on the current change (see also: git help everyday)\n   add        Add file contents to the index\n   mv         Move or rename a file, a directory, or a symlink\n   restore    Restore working tree files\n   rm         Remove files from the working tree and from the index\n\nexamine the history and state (see also: git help revisions)\n   bisect     Use binary search to find the commit that introduced a bug\n   diff       Show changes between commits, commit and working tree, etc\n   grep       Print lines matching a pattern\n   log        Show commit logs\n   show       Show various types of objects\n   status     Show the working tree status\n\ngrow, mark and tweak your common history\n   backfill   Download missing objects in a partial clone\n   branch     List, create, or delete branches\n   commit     Record changes to the repository\n   merge      Join two or more development histories together\n   rebase     Reapply commits on top of another base tip\n   reset      Reset current HEAD to the specified state\n   switch     Switch branches\n   tag        Create, list, delete or verify a tag object signed with GPG\n\ncollaborate (see also: git help workflows)\n   fetch      Download objects and refs from another repository\n   pull       Fetch from and integrate with another repository or a local branch\n   push       Update remote refs along with associated objects\n\n'git help -a' and 'git help -g' list available subcommands and some\nconcept guides. See 'git help <command>' or 'git help <concept>'\nto read about a specific subcommand or concept.\nSee 'git help git' for an overview of the system.\n""
[0m22:26:26.469609 [debug] [MainThread]: STDERR: "b''"
[0m22:26:26.470608 [info ] [MainThread]:  - git [[32mOK found[0m]

[0m22:26:26.471609 [info ] [MainThread]: Connection:
[0m22:26:26.471609 [info ] [MainThread]:   host: dbc-9d46589f-6b87.cloud.databricks.com
[0m22:26:26.472607 [info ] [MainThread]:   http_path: /sql/1.0/warehouses/ba670085d74ba29e
[0m22:26:26.472607 [info ] [MainThread]:   catalog: workspace.bronze
[0m22:26:26.473606 [info ] [MainThread]:   schema: silver
[0m22:26:26.474606 [info ] [MainThread]: Registered adapter: databricks=1.11.4
[0m22:26:27.075765 [warn ] [MainThread]: [[33mWARNING[0m]: Use managed Iceberg tables when table_format is iceberg. When this flag is disabled, UniForm is used instead.
You may opt into the new behavior sooner by setting `flags.use_managed_iceberg` to `True` in `dbt_project.yml`.
Visit https://docs.getdbt.com/reference/global-configs/behavior-changes for more information.
[0m22:26:27.075765 [debug] [MainThread]: Sending event: {'category': 'dbt', 'action': 'BehaviorChangeEvent', 'label': '2d27fbed-a8bb-4edb-8b8b-58aff092e63e', 'context': [<snowplow_tracker.self_describing_json.SelfDescribingJson object at 0x000001FE2E2D6560>]}
[0m22:26:27.077322 [debug] [MainThread]: Databricks adapter: DatabricksDBTConnection(session-id=None, name=debug) - Creating connection
[0m22:26:27.078327 [debug] [MainThread]: Acquiring new databricks connection 'debug'
[0m22:26:27.078327 [debug] [MainThread]: Using databricks connection "debug"
[0m22:26:27.079327 [debug] [MainThread]: On debug: select 1 as id
[0m22:26:27.079327 [debug] [MainThread]: Opening a new connection, currently in state init
[0m22:26:27.901408 [debug] [MainThread]: Databricks adapter: Connection(session-id=01f0fafd-acb4-1581-b17d-804b866cb43c) - Created
[0m22:26:29.251549 [debug] [MainThread]: SQL status: OK in 2.170 seconds
[0m22:26:29.252782 [debug] [MainThread]: Databricks adapter: Cursor(session-id=01f0fafd-acb4-1581-b17d-804b866cb43c, command-id=01f0fafd-acd1-17ab-9d01-67c6fa7671af) - Closing
[0m22:26:29.253789 [debug] [MainThread]: On debug: Close
[0m22:26:29.253789 [debug] [MainThread]: Databricks adapter: Connection(session-id=01f0fafd-acb4-1581-b17d-804b866cb43c) - Closing
[0m22:26:29.507404 [info ] [MainThread]:   Connection test: [[32mOK connection ok[0m]

[0m22:26:29.508403 [info ] [MainThread]: [31m1 check failed:[0m
[0m22:26:29.509403 [info ] [MainThread]: Project loading failed for the following reason:
 project path <E:\Databricks_Project\Employee-Attrition-Intelligence-System\dbt_project.yml> not found

[0m22:26:29.510400 [debug] [MainThread]: Command `dbt debug` failed at 22:26:29.510400 after 4.92 seconds
[0m22:26:29.510400 [debug] [MainThread]: Sending event: {'category': 'dbt', 'action': 'invocation', 'label': 'end', 'context': [<snowplow_tracker.self_describing_json.SelfDescribingJson object at 0x000001FE29726140>, <snowplow_tracker.self_describing_json.SelfDescribingJson object at 0x000001FE2E2D5870>, <snowplow_tracker.self_describing_json.SelfDescribingJson object at 0x000001FE2E2D5360>]}
[0m22:26:29.512402 [debug] [MainThread]: Flushing usage events
[0m22:26:30.155453 [debug] [MainThread]: An error was encountered while trying to flush usage events
[0m15:22:08.599570 [debug] [MainThread]: Sending event: {'category': 'dbt', 'action': 'invocation', 'label': 'start', 'context': [<snowplow_tracker.self_describing_json.SelfDescribingJson object at 0x000002B1755861D0>, <snowplow_tracker.self_describing_json.SelfDescribingJson object at 0x000002B1757EA0B0>, <snowplow_tracker.self_describing_json.SelfDescribingJson object at 0x000002B1778302B0>]}


============================== 15:22:08.605091 | 95d5ab5c-5670-4850-9da5-f9bdcb8039ce ==============================
[0m15:22:08.605091 [info ] [MainThread]: Running with dbt=1.11.2
[0m15:22:08.606094 [debug] [MainThread]: running dbt with arguments {'version_check': 'True', 'no_print': 'None', 'static_parser': 'True', 'target_path': 'None', 'warn_error_options': 'WarnErrorOptionsV2(error=[], warn=[], silence=[])', 'printer_width': '80', 'write_json': 'True', 'empty': 'None', 'log_cache_events': 'False', 'introspect': 'True', 'cache_selected_only': 'False', 'fail_fast': 'False', 'debug': 'False', 'log_format': 'default', 'profiles_dir': 'C:\\Users\\ASUS\\.dbt', 'send_anonymous_usage_stats': 'True', 'quiet': 'False', 'warn_error': 'None', 'partial_parse': 'True', 'indirect_selection': 'eager', 'invocation_command': 'dbt docs serve --port 9000', 'use_colors': 'True', 'use_experimental_parser': 'False', 'log_path': 'logs'}
[0m15:22:08.607093 [error] [MainThread]: Encountered an error:
Runtime Error
  No dbt_project.yml found at expected path E:\Databricks_Project\Employee-Attrition-Intelligence-System\dbt_project.yml
  Verify that each entry within packages.yml (and their transitive dependencies) contains a file named dbt_project.yml
  
[0m15:22:08.608092 [debug] [MainThread]: Command `dbt docs serve` failed at 15:22:08.608092 after 0.11 seconds
[0m15:22:08.609092 [debug] [MainThread]: Sending event: {'category': 'dbt', 'action': 'invocation', 'label': 'end', 'context': [<snowplow_tracker.self_describing_json.SelfDescribingJson object at 0x000002B1755861D0>, <snowplow_tracker.self_describing_json.SelfDescribingJson object at 0x000002B177767C40>, <snowplow_tracker.self_describing_json.SelfDescribingJson object at 0x000002B1778302B0>]}
[0m15:22:08.609092 [debug] [MainThread]: Flushing usage events
[0m15:22:09.427498 [debug] [MainThread]: An error was encountered while trying to flush usage events
[0m17:08:50.714797 [debug] [MainThread]: Sending event: {'category': 'dbt', 'action': 'invocation', 'label': 'start', 'context': [<snowplow_tracker.self_describing_json.SelfDescribingJson object at 0x0000021FAAF860B0>, <snowplow_tracker.self_describing_json.SelfDescribingJson object at 0x0000021FAADB9B70>, <snowplow_tracker.self_describing_json.SelfDescribingJson object at 0x0000021FAD1D8E50>]}


============================== 17:08:50.723303 | d49ad3cb-19e9-4485-97bf-8c669a648f29 ==============================
[0m17:08:50.723303 [info ] [MainThread]: Running with dbt=1.11.2
[0m17:08:50.723303 [debug] [MainThread]: running dbt with arguments {'static_parser': 'True', 'no_print': 'None', 'version_check': 'True', 'target_path': 'None', 'warn_error_options': 'WarnErrorOptionsV2(error=[], warn=[], silence=[])', 'printer_width': '80', 'write_json': 'True', 'empty': 'None', 'log_cache_events': 'False', 'introspect': 'True', 'cache_selected_only': 'False', 'fail_fast': 'False', 'debug': 'False', 'log_format': 'default', 'partial_parse': 'True', 'send_anonymous_usage_stats': 'True', 'quiet': 'False', 'warn_error': 'None', 'profiles_dir': 'C:\\Users\\ASUS\\.dbt', 'indirect_selection': 'eager', 'use_colors': 'True', 'invocation_command': 'dbt debug', 'use_experimental_parser': 'False', 'log_path': 'logs'}
[0m17:08:50.754502 [info ] [MainThread]: dbt version: 1.11.2
[0m17:08:50.755504 [info ] [MainThread]: python version: 3.10.11
[0m17:08:50.755504 [info ] [MainThread]: python path: E:\Databricks_Project\Employee-Attrition-Intelligence-System\dbt_env\Scripts\python.exe
[0m17:08:50.756504 [info ] [MainThread]: os info: Windows-10-10.0.26100-SP0
[0m17:08:51.667166 [debug] [MainThread]: Spark adapter: Setting pyhive.hive logging to ERROR
[0m17:08:51.668118 [debug] [MainThread]: Spark adapter: Setting thrift.transport logging to ERROR
[0m17:08:51.668118 [debug] [MainThread]: Spark adapter: Setting thrift.protocol logging to ERROR
[0m17:08:52.996411 [info ] [MainThread]: Using profiles dir at C:\Users\ASUS\.dbt
[0m17:08:52.997411 [info ] [MainThread]: Using profiles.yml file at C:\Users\ASUS\.dbt\profiles.yml
[0m17:08:52.998911 [info ] [MainThread]: Using dbt_project.yml file at E:\Databricks_Project\Employee-Attrition-Intelligence-System\dbt_project.yml
[0m17:08:52.998911 [info ] [MainThread]: adapter type: databricks
[0m17:08:52.999988 [info ] [MainThread]: adapter version: 1.11.4
[0m17:08:52.999988 [info ] [MainThread]: Configuration:
[0m17:08:53.001041 [info ] [MainThread]:   profiles.yml file [[32mOK found and valid[0m]
[0m17:08:53.001041 [info ] [MainThread]:   dbt_project.yml file [[31mERROR not found[0m]
[0m17:08:53.002114 [info ] [MainThread]: Required dependencies:
[0m17:08:53.002671 [debug] [MainThread]: Executing "git --help"
[0m17:08:53.053408 [debug] [MainThread]: STDOUT: "b"usage: git [-v | --version] [-h | --help] [-C <path>] [-c <name>=<value>]\n           [--exec-path[=<path>]] [--html-path] [--man-path] [--info-path]\n           [-p | --paginate | -P | --no-pager] [--no-replace-objects] [--no-lazy-fetch]\n           [--no-optional-locks] [--no-advice] [--bare] [--git-dir=<path>]\n           [--work-tree=<path>] [--namespace=<name>] [--config-env=<name>=<envvar>]\n           <command> [<args>]\n\nThese are common Git commands used in various situations:\n\nstart a working area (see also: git help tutorial)\n   clone      Clone a repository into a new directory\n   init       Create an empty Git repository or reinitialize an existing one\n\nwork on the current change (see also: git help everyday)\n   add        Add file contents to the index\n   mv         Move or rename a file, a directory, or a symlink\n   restore    Restore working tree files\n   rm         Remove files from the working tree and from the index\n\nexamine the history and state (see also: git help revisions)\n   bisect     Use binary search to find the commit that introduced a bug\n   diff       Show changes between commits, commit and working tree, etc\n   grep       Print lines matching a pattern\n   log        Show commit logs\n   show       Show various types of objects\n   status     Show the working tree status\n\ngrow, mark and tweak your common history\n   backfill   Download missing objects in a partial clone\n   branch     List, create, or delete branches\n   commit     Record changes to the repository\n   merge      Join two or more development histories together\n   rebase     Reapply commits on top of another base tip\n   reset      Reset current HEAD to the specified state\n   switch     Switch branches\n   tag        Create, list, delete or verify a tag object signed with GPG\n\ncollaborate (see also: git help workflows)\n   fetch      Download objects and refs from another repository\n   pull       Fetch from and integrate with another repository or a local branch\n   push       Update remote refs along with associated objects\n\n'git help -a' and 'git help -g' list available subcommands and some\nconcept guides. See 'git help <command>' or 'git help <concept>'\nto read about a specific subcommand or concept.\nSee 'git help git' for an overview of the system.\n""
[0m17:08:53.054663 [debug] [MainThread]: STDERR: "b''"
[0m17:08:53.054663 [info ] [MainThread]:  - git [[32mOK found[0m]

[0m17:08:53.055665 [info ] [MainThread]: Connection:
[0m17:08:53.055665 [info ] [MainThread]:   host: dbc-9d46589f-6b87.cloud.databricks.com
[0m17:08:53.057101 [info ] [MainThread]:   http_path: /sql/1.0/warehouses/ba670085d74ba29e
[0m17:08:53.057101 [info ] [MainThread]:   catalog: workspace
[0m17:08:53.058110 [info ] [MainThread]:   schema: default
[0m17:08:53.059109 [info ] [MainThread]: Registered adapter: databricks=1.11.4
[0m17:08:53.660170 [warn ] [MainThread]: [[33mWARNING[0m]: Use managed Iceberg tables when table_format is iceberg. When this flag is disabled, UniForm is used instead.
You may opt into the new behavior sooner by setting `flags.use_managed_iceberg` to `True` in `dbt_project.yml`.
Visit https://docs.getdbt.com/reference/global-configs/behavior-changes for more information.
[0m17:08:53.661179 [debug] [MainThread]: Sending event: {'category': 'dbt', 'action': 'BehaviorChangeEvent', 'label': 'd49ad3cb-19e9-4485-97bf-8c669a648f29', 'context': [<snowplow_tracker.self_describing_json.SelfDescribingJson object at 0x0000021FD039E2C0>]}
[0m17:08:53.662185 [debug] [MainThread]: Databricks adapter: DatabricksDBTConnection(session-id=None, name=debug) - Creating connection
[0m17:08:53.662691 [debug] [MainThread]: Acquiring new databricks connection 'debug'
[0m17:08:53.663420 [debug] [MainThread]: Using databricks connection "debug"
[0m17:08:53.663420 [debug] [MainThread]: On debug: select 1 as id
[0m17:08:53.664496 [debug] [MainThread]: Opening a new connection, currently in state init
[0m17:08:54.625281 [debug] [MainThread]: Databricks adapter: Connection(session-id=01f108f6-4a68-1959-9a2b-46df3a8a5b78) - Created
[0m17:09:09.903113 [debug] [MainThread]: SQL status: OK in 16.240 seconds
[0m17:09:09.909727 [debug] [MainThread]: Databricks adapter: Cursor(session-id=01f108f6-4a68-1959-9a2b-46df3a8a5b78, command-id=01f108f6-4a9d-1e5b-b441-04aa299f1915) - Closing
[0m17:09:10.242999 [debug] [MainThread]: On debug: Close
[0m17:09:10.242999 [debug] [MainThread]: Databricks adapter: Connection(session-id=01f108f6-4a68-1959-9a2b-46df3a8a5b78) - Closing
[0m17:09:10.424399 [info ] [MainThread]:   Connection test: [[32mOK connection ok[0m]

[0m17:09:10.425881 [info ] [MainThread]: [31m1 check failed:[0m
[0m17:09:10.425881 [info ] [MainThread]: Project loading failed for the following reason:
 project path <E:\Databricks_Project\Employee-Attrition-Intelligence-System\dbt_project.yml> not found

[0m17:09:10.425881 [debug] [MainThread]: Command `dbt debug` failed at 17:09:10.425881 after 19.81 seconds
[0m17:09:10.425881 [debug] [MainThread]: Sending event: {'category': 'dbt', 'action': 'invocation', 'label': 'end', 'context': [<snowplow_tracker.self_describing_json.SelfDescribingJson object at 0x0000021FAAF860B0>, <snowplow_tracker.self_describing_json.SelfDescribingJson object at 0x0000021FD039F0D0>, <snowplow_tracker.self_describing_json.SelfDescribingJson object at 0x0000021FD039EE30>]}
[0m17:09:10.425881 [debug] [MainThread]: Flushing usage events
[0m17:09:10.924985 [debug] [MainThread]: An error was encountered while trying to flush usage events
